<?xml version="1.0" encoding="UTF-8"?>
<testng-results skipped="0" failed="0" ignored="0" total="1" passed="1">
  <reporter-output>
  </reporter-output>
  <suite name="Drona Web Suite" duration-ms="106184" started-at="2021-11-18T16:26:23 IST" finished-at="2021-11-18T16:28:09 IST">
    <groups>
    </groups>
    <test name="Regression Test" duration-ms="106184" started-at="2021-11-18T16:26:23 IST" finished-at="2021-11-18T16:28:09 IST">
      <class name="com.qa.TestCases.DronaAddClinicTestPage">
        <test-method status="PASS" signature="flushDownload()[pri:0, instance:com.qa.TestCases.DronaAddClinicTestPage@41c89d2f]" name="flushDownload" is-config="true" duration-ms="130" started-at="2021-11-18T16:26:23 IST" finished-at="2021-11-18T16:26:23 IST">
          <reporter-output>
          </reporter-output>
        </test-method> <!-- flushDownload -->
        <test-method status="PASS" signature="setUp()[pri:0, instance:com.qa.TestCases.DronaAddClinicTestPage@41c89d2f]" name="setUp" is-config="true" duration-ms="24577" started-at="2021-11-18T16:26:23 IST" finished-at="2021-11-18T16:26:48 IST">
          <reporter-output>
          </reporter-output>
        </test-method> <!-- setUp -->
        <test-method status="PASS" signature="verifyCreateClinicTest()[pri:1, instance:com.qa.TestCases.DronaAddClinicTestPage@41c89d2f]" name="verifyCreateClinicTest" duration-ms="72475" started-at="2021-11-18T16:26:49 IST" description="Verify clinic setup page comes up after do signup." finished-at="2021-11-18T16:28:01 IST">
          <reporter-output>
          </reporter-output>
        </test-method> <!-- verifyCreateClinicTest -->
        <test-method status="PASS" signature="tearDown()[pri:0, instance:com.qa.TestCases.DronaAddClinicTestPage@41c89d2f]" name="tearDown" is-config="true" duration-ms="7375" started-at="2021-11-18T16:28:02 IST" finished-at="2021-11-18T16:28:09 IST">
          <reporter-output>
          </reporter-output>
        </test-method> <!-- tearDown -->
      </class> <!-- com.qa.TestCases.DronaAddClinicTestPage -->
    </test> <!-- Regression Test -->
  </suite> <!-- Drona Web Suite -->
</testng-results>
